This file contains any messages produced by compilers while
running configure, to aid debugging if configure makes a mistake.

It was created by libpng configure 1.6.16, which was
generated by GNU Autoconf 2.69.  Invocation command line was

<<<<<<< HEAD
  $ ./configure --prefix=/home/johnson/cs3081/iteration2/png --enable-shared=no
=======
  $ ./configure --prefix=/home/linx0544/cs3081/iteration2/png --enable-shared=no --no-create --no-recursion
>>>>>>> 26787ea5f901172d6662fe8532b1377194227e7b

## --------- ##
## Platform. ##
## --------- ##

<<<<<<< HEAD
hostname = x-10-105-4-119.uofm-secure.wireless.umn.edu
uname -m = x86_64
uname -r = 14.5.0
uname -s = Darwin
uname -v = Darwin Kernel Version 14.5.0: Wed Jul 29 02:26:53 PDT 2015; root:xnu-2782.40.9~1/RELEASE_X86_64

/usr/bin/uname -p = i386
=======
hostname = csel-kh4250-26
uname -m = x86_64
uname -r = 3.16.0-67-generic
uname -s = Linux
uname -v = #87~14.04.1-Ubuntu SMP Fri Mar 11 00:26:02 UTC 2016

/usr/bin/uname -p = unknown
>>>>>>> 26787ea5f901172d6662fe8532b1377194227e7b
/bin/uname -X     = unknown

/bin/arch              = unknown
/usr/bin/arch -k       = unknown
/usr/convex/getsysinfo = unknown
<<<<<<< HEAD
/usr/bin/hostinfo      = Mach kernel version:
	 Darwin Kernel Version 14.5.0: Wed Jul 29 02:26:53 PDT 2015; root:xnu-2782.40.9~1/RELEASE_X86_64
Kernel configured for up to 4 processors.
2 processors are physically available.
4 processors are logically available.
Processor type: x86_64h (Intel x86-64h Haswell)
Processors active: 0 1 2 3
Primary memory available: 4.00 gigabytes
Default processor set: 249 tasks, 1478 threads, 4 processors
Load average: 2.03, Mach factor: 2.05
=======
/usr/bin/hostinfo      = unknown
>>>>>>> 26787ea5f901172d6662fe8532b1377194227e7b
/bin/machine           = unknown
/usr/bin/oslevel       = unknown
/bin/universe          = unknown

<<<<<<< HEAD
PATH: /usr/local/bin
PATH: /usr/bin
PATH: /bin
PATH: /usr/sbin
PATH: /sbin
PATH: /opt/X11/bin
PATH: /Library/TeX/texbin
=======
PATH: /soft/scheme/mit-gnu/9.2/trusty64/bin
PATH: /soft/perl5.14.1/bin
PATH: /soft/jdk1.7.0_76/bin
PATH: /soft/gcc-4.5.2/ubuntuamd1/bin
PATH: /usr/local/sbin
PATH: /usr/local/bin
PATH: /usr/sbin
PATH: /usr/bin
PATH: /sbin
PATH: /bin
PATH: /usr/games
PATH: /usr/local/games
PATH: /soft/netbeans-8.0.2/bin
PATH: /opt/gnu/bin
PATH: /opt/local/bin
PATH: /soft/vt-1.07
PATH: /usr/X11R6/bin
PATH: /soft/X11R6.3/bin
PATH: /soft/math8.0.1/bin
>>>>>>> 26787ea5f901172d6662fe8532b1377194227e7b


## ----------- ##
## Core tests. ##
## ----------- ##

configure:2319: checking for a BSD-compatible install
configure:2387: result: /usr/bin/install -c
configure:2398: checking whether build environment is sane
configure:2453: result: yes
configure:2604: checking for a thread-safe mkdir -p
<<<<<<< HEAD
configure:2643: result: ./install-sh -c -d
configure:2650: checking for gawk
configure:2680: result: no
configure:2650: checking for mawk
configure:2680: result: no
configure:2650: checking for nawk
configure:2680: result: no
configure:2650: checking for awk
configure:2666: found /usr/bin/awk
configure:2677: result: awk
=======
configure:2643: result: /bin/mkdir -p
configure:2650: checking for gawk
configure:2666: found /usr/bin/gawk
configure:2677: result: gawk
>>>>>>> 26787ea5f901172d6662fe8532b1377194227e7b
configure:2688: checking whether make sets $(MAKE)
configure:2710: result: yes
configure:2739: checking whether make supports nested variables
configure:2756: result: yes
configure:2885: checking whether to enable maintainer-specific portions of Makefiles
configure:2894: result: no
configure:2974: checking for gcc
<<<<<<< HEAD
configure:2990: found /usr/bin/gcc
configure:3001: result: gcc
configure:3230: checking for C compiler version
configure:3239: gcc --version >&5
Apple LLVM version 7.0.2 (clang-700.1.81)
Target: x86_64-apple-darwin14.5.0
Thread model: posix
Configured with: --prefix=/Applications/Xcode.app/Contents/Developer/usr --with-gxx-include-dir=/usr/include/c++/4.2.1
configure:3250: $? = 0
configure:3239: gcc -v >&5
Configured with: --prefix=/Applications/Xcode.app/Contents/Developer/usr --with-gxx-include-dir=/usr/include/c++/4.2.1
Apple LLVM version 7.0.2 (clang-700.1.81)
Target: x86_64-apple-darwin14.5.0
Thread model: posix
configure:3250: $? = 0
configure:3239: gcc -V >&5
clang: error: argument to '-V' is missing (expected 1 value)
clang: error: no input files
configure:3250: $? = 1
configure:3239: gcc -qversion >&5
clang: error: unknown argument: '-qversion'
clang: error: no input files
=======
configure:2990: found /soft/gcc-4.5.2/ubuntuamd1/bin/gcc
configure:3001: result: gcc
configure:3230: checking for C compiler version
configure:3239: gcc --version >&5
gcc (GCC) 4.5.2
Copyright (C) 2010 Free Software Foundation, Inc.
This is free software; see the source for copying conditions.  There is NO
warranty; not even for MERCHANTABILITY or FITNESS FOR A PARTICULAR PURPOSE.

configure:3250: $? = 0
configure:3239: gcc -v >&5
Reading specs from /soft/gcc-4.5.2/ubuntuamd1/lib/gcc/x86_64-unknown-linux-gnu/4.5.2/specs
COLLECT_GCC=gcc
COLLECT_LTO_WRAPPER=/soft/gcc-4.5.2/ubuntuamd1/libexec/gcc/x86_64-unknown-linux-gnu/4.5.2/lto-wrapper
Target: x86_64-unknown-linux-gnu
Configured with: ../gcc-4.5.2/configure --prefix=/soft/gcc-4.5.2 --exec-prefix=/soft/gcc-4.5.2/ubuntuamd1 --with-gmp-include=/soft/gcc-4.5.2/ubuntuamd1/include --with-gmp-lib=/soft/gcc-4.5.2/ubuntuamd1/lib --with-mpfr-include=/soft/gcc-4.5.2/include --with-mpfr-lib=/soft/gcc-4.5.2/ubuntuamd1/lib --with-ppl-include=/soft/gcc-4.5.2/include --with-ppl-lib=/soft/gcc-4.5.2/ubuntuamd1/lib --with-boot-ldflags='-L/soft/gcc-4.5.2/ubuntuamd1/lib -Wl,-rpath -Wl,/soft/gcc-4.5.2/ubuntuamd1/lib' --with-stage1-ldflags='-L/soft/gcc-4.5.2/ubuntuamd1/lib -Wl,-rpath -Wl,/soft/gcc-4.5.2/ubuntuamd1/lib' --disable-multilib
Thread model: posix
gcc version 4.5.2 (GCC) 
configure:3250: $? = 0
configure:3239: gcc -V >&5
gcc: '-V' option must have argument
configure:3250: $? = 1
configure:3239: gcc -qversion >&5
gcc: unrecognized option '-qversion'
gcc: no input files
>>>>>>> 26787ea5f901172d6662fe8532b1377194227e7b
configure:3250: $? = 1
configure:3270: checking whether the C compiler works
configure:3292: gcc    conftest.c  >&5
configure:3296: $? = 0
configure:3344: result: yes
configure:3347: checking for C compiler default output file name
configure:3349: result: a.out
configure:3355: checking for suffix of executables
configure:3362: gcc -o conftest    conftest.c  >&5
configure:3366: $? = 0
configure:3388: result: 
configure:3410: checking whether we are cross compiling
configure:3418: gcc -o conftest    conftest.c  >&5
configure:3422: $? = 0
configure:3429: ./conftest
configure:3433: $? = 0
configure:3448: result: no
configure:3453: checking for suffix of object files
configure:3475: gcc -c   conftest.c >&5
configure:3479: $? = 0
configure:3500: result: o
configure:3504: checking whether we are using the GNU C compiler
configure:3523: gcc -c   conftest.c >&5
configure:3523: $? = 0
configure:3532: result: yes
configure:3541: checking whether gcc accepts -g
configure:3561: gcc -c -g  conftest.c >&5
configure:3561: $? = 0
configure:3602: result: yes
configure:3619: checking for gcc option to accept ISO C89
configure:3682: gcc  -c -g -O2  conftest.c >&5
configure:3682: $? = 0
configure:3695: result: none needed
configure:3720: checking whether gcc understands -c and -o together
configure:3742: gcc -c conftest.c -o conftest2.o
configure:3745: $? = 0
configure:3742: gcc -c conftest.c -o conftest2.o
configure:3745: $? = 0
configure:3757: result: yes
configure:3785: checking for style of include used by make
configure:3813: result: GNU
configure:3839: checking dependency style of gcc
configure:3950: result: gcc3
configure:3974: checking dependency style of gcc
configure:4083: result: gcc3
configure:4102: checking build system type
<<<<<<< HEAD
configure:4116: result: x86_64-apple-darwin14.5.0
configure:4136: checking host system type
configure:4149: result: x86_64-apple-darwin14.5.0
configure:4169: checking for a sed that does not truncate output
configure:4233: result: /usr/bin/sed
configure:4251: checking for grep that handles long lines and -e
configure:4309: result: /usr/bin/grep
configure:4314: checking for egrep
configure:4376: result: /usr/bin/grep -E
configure:4381: checking for fgrep
configure:4443: result: /usr/bin/grep -F
configure:4470: checking how to print strings
configure:4497: result: printf
configure:4530: checking for ld used by gcc
configure:4597: result: /Applications/Xcode.app/Contents/Developer/Toolchains/XcodeDefault.xctoolchain/usr/bin/ld
configure:4604: checking if the linker (/Applications/Xcode.app/Contents/Developer/Toolchains/XcodeDefault.xctoolchain/usr/bin/ld) is GNU ld
configure:4619: result: no
=======
configure:4116: result: x86_64-unknown-linux-gnu
configure:4136: checking host system type
configure:4149: result: x86_64-unknown-linux-gnu
configure:4169: checking for a sed that does not truncate output
configure:4233: result: /bin/sed
configure:4251: checking for grep that handles long lines and -e
configure:4309: result: /bin/grep
configure:4314: checking for egrep
configure:4376: result: /bin/grep -E
configure:4381: checking for fgrep
configure:4443: result: /bin/grep -F
configure:4470: checking how to print strings
configure:4497: result: printf
configure:4530: checking for ld used by gcc
configure:4597: result: /usr/bin/ld
configure:4604: checking if the linker (/usr/bin/ld) is GNU ld
configure:4619: result: yes
>>>>>>> 26787ea5f901172d6662fe8532b1377194227e7b
configure:4636: checking how to run the C preprocessor
configure:4667: gcc -E  conftest.c
configure:4667: $? = 0
configure:4681: gcc -E  conftest.c
<<<<<<< HEAD
conftest.c:11:10: fatal error: 'ac_nonexistent.h' file not found
#include <ac_nonexistent.h>
         ^
1 error generated.
=======
conftest.c:11:28: fatal error: ac_nonexistent.h: No such file or directory
compilation terminated.
>>>>>>> 26787ea5f901172d6662fe8532b1377194227e7b
configure:4681: $? = 1
configure: failed program was:
| /* confdefs.h */
| #define PACKAGE_NAME "libpng"
| #define PACKAGE_TARNAME "libpng"
| #define PACKAGE_VERSION "1.6.16"
| #define PACKAGE_STRING "libpng 1.6.16"
| #define PACKAGE_BUGREPORT "png-mng-implement@lists.sourceforge.net"
| #define PACKAGE_URL ""
| #define PACKAGE "libpng"
| #define VERSION "1.6.16"
| /* end confdefs.h.  */
| #include <ac_nonexistent.h>
configure:4706: result: gcc -E
configure:4726: gcc -E  conftest.c
configure:4726: $? = 0
configure:4740: gcc -E  conftest.c
<<<<<<< HEAD
conftest.c:11:10: fatal error: 'ac_nonexistent.h' file not found
#include <ac_nonexistent.h>
         ^
1 error generated.
=======
conftest.c:11:28: fatal error: ac_nonexistent.h: No such file or directory
compilation terminated.
>>>>>>> 26787ea5f901172d6662fe8532b1377194227e7b
configure:4740: $? = 1
configure: failed program was:
| /* confdefs.h */
| #define PACKAGE_NAME "libpng"
| #define PACKAGE_TARNAME "libpng"
| #define PACKAGE_VERSION "1.6.16"
| #define PACKAGE_STRING "libpng 1.6.16"
| #define PACKAGE_BUGREPORT "png-mng-implement@lists.sourceforge.net"
| #define PACKAGE_URL ""
| #define PACKAGE "libpng"
| #define VERSION "1.6.16"
| /* end confdefs.h.  */
| #include <ac_nonexistent.h>
configure:4772: checking for gawk
<<<<<<< HEAD
configure:4799: result: awk
=======
configure:4799: result: gawk
>>>>>>> 26787ea5f901172d6662fe8532b1377194227e7b
configure:4811: checking whether ln -s works
configure:4815: result: yes
configure:4822: checking whether make sets $(MAKE)
configure:4844: result: yes
configure:4896: checking for BSD- or MS-compatible name lister (nm)
<<<<<<< HEAD
configure:4945: result: /usr/bin/nm
configure:5075: checking the name lister (/usr/bin/nm) interface
configure:5082: gcc -c -g -O2  conftest.c >&5
configure:5085: /usr/bin/nm "conftest.o"
configure:5088: output
00000000000001f4 S _some_variable
configure:5095: result: BSD nm
configure:5099: checking the maximum length of command line arguments
configure:5229: result: 196608
=======
configure:4945: result: /usr/bin/nm -B
configure:5075: checking the name lister (/usr/bin/nm -B) interface
configure:5082: gcc -c -g -O2  conftest.c >&5
configure:5085: /usr/bin/nm -B "conftest.o"
configure:5088: output
0000000000000000 B some_variable
configure:5095: result: BSD nm
configure:5099: checking the maximum length of command line arguments
configure:5229: result: 3458764513820540925
>>>>>>> 26787ea5f901172d6662fe8532b1377194227e7b
configure:5246: checking whether the shell understands some XSI constructs
configure:5256: result: yes
configure:5260: checking whether the shell understands "+="
configure:5266: result: yes
<<<<<<< HEAD
configure:5301: checking how to convert x86_64-apple-darwin14.5.0 file names to x86_64-apple-darwin14.5.0 format
configure:5341: result: func_convert_file_noop
configure:5348: checking how to convert x86_64-apple-darwin14.5.0 file names to toolchain format
configure:5368: result: func_convert_file_noop
configure:5375: checking for /Applications/Xcode.app/Contents/Developer/Toolchains/XcodeDefault.xctoolchain/usr/bin/ld option to reload object files
configure:5382: result: -r
configure:5456: checking for objdump
configure:5486: result: no
=======
configure:5301: checking how to convert x86_64-unknown-linux-gnu file names to x86_64-unknown-linux-gnu format
configure:5341: result: func_convert_file_noop
configure:5348: checking how to convert x86_64-unknown-linux-gnu file names to toolchain format
configure:5368: result: func_convert_file_noop
configure:5375: checking for /usr/bin/ld option to reload object files
configure:5382: result: -r
configure:5456: checking for objdump
configure:5472: found /usr/bin/objdump
configure:5483: result: objdump
>>>>>>> 26787ea5f901172d6662fe8532b1377194227e7b
configure:5512: checking how to recognize dependent libraries
configure:5714: result: pass_all
configure:5799: checking for dlltool
configure:5829: result: no
configure:5856: checking how to associate runtime and link libraries
configure:5883: result: printf %s\n
configure:5944: checking for ar
configure:5960: found /usr/bin/ar
configure:5971: result: ar
configure:6008: checking for archiver @FILE support
configure:6025: gcc -c -g -O2  conftest.c >&5
configure:6025: $? = 0
configure:6028: ar cru libconftest.a @conftest.lst >&5
<<<<<<< HEAD
ar: @conftest.lst: No such file or directory
configure:6031: $? = 1
configure:6051: result: no
=======
configure:6031: $? = 0
configure:6036: ar cru libconftest.a @conftest.lst >&5
ar: conftest.o: No such file or directory
configure:6039: $? = 1
configure:6051: result: @
>>>>>>> 26787ea5f901172d6662fe8532b1377194227e7b
configure:6109: checking for strip
configure:6125: found /usr/bin/strip
configure:6136: result: strip
configure:6208: checking for ranlib
configure:6224: found /usr/bin/ranlib
configure:6235: result: ranlib
<<<<<<< HEAD
configure:6337: checking command to parse /usr/bin/nm output from gcc object
configure:6457: gcc -c -g -O2  conftest.c >&5
configure:6460: $? = 0
configure:6464: /usr/bin/nm conftest.o \| sed -n -e 's/^.*[ ]\([BCDEGRST][BCDEGRST]*\)[ ][ ]*\([_A-Za-z][_A-Za-z0-9]*\)$/\1 \2 \2/p' | sed '/ __gnu_lto/d' \> conftest.nm
configure:6467: $? = 0
cannot find nm_test_var in conftest.nm
configure:6457: gcc -c -g -O2  conftest.c >&5
configure:6460: $? = 0
configure:6464: /usr/bin/nm conftest.o \| sed -n -e 's/^.*[ ]\([BCDEGRST][BCDEGRST]*\)[ ][ ]*_\([_A-Za-z][_A-Za-z0-9]*\)$/\1 _\2 \2/p' | sed '/ __gnu_lto/d' \> conftest.nm
configure:6467: $? = 0
configure:6533: gcc -o conftest -g -O2   conftest.c conftstm.o >&5
warning: (x86_64)  could not find object file symbol for symbol _main
=======
configure:6337: checking command to parse /usr/bin/nm -B output from gcc object
configure:6457: gcc -c -g -O2  conftest.c >&5
configure:6460: $? = 0
configure:6464: /usr/bin/nm -B conftest.o \| sed -n -e 's/^.*[ ]\([ABCDGIRSTW][ABCDGIRSTW]*\)[ ][ ]*\([_A-Za-z][_A-Za-z0-9]*\)$/\1 \2 \2/p' | sed '/ __gnu_lto/d' \> conftest.nm
configure:6467: $? = 0
configure:6533: gcc -o conftest -g -O2   conftest.c conftstm.o >&5
>>>>>>> 26787ea5f901172d6662fe8532b1377194227e7b
configure:6536: $? = 0
configure:6574: result: ok
configure:6611: checking for sysroot
configure:6641: result: no
<<<<<<< HEAD
configure:6897: checking for mt
configure:6927: result: no
configure:6947: checking if : is a manifest tool
configure:6953: : '-?'
configure:6961: result: no
configure:7017: checking for dsymutil
configure:7033: found /usr/bin/dsymutil
configure:7044: result: dsymutil
configure:7109: checking for nmedit
configure:7125: found /usr/bin/nmedit
configure:7136: result: nmedit
configure:7201: checking for lipo
configure:7217: found /usr/bin/lipo
configure:7228: result: lipo
configure:7293: checking for otool
configure:7309: found /usr/bin/otool
configure:7320: result: otool
configure:7385: checking for otool64
configure:7415: result: no
configure:7460: checking for -single_module linker flag
gcc -g -O2  -o libconftest.dylib -dynamiclib -Wl,-single_module conftest.c
configure:7493: result: yes
configure:7496: checking for -exported_symbols_list linker flag
configure:7516: gcc -o conftest -g -O2   -Wl,-exported_symbols_list,conftest.sym conftest.c  >&5
configure:7516: $? = 0
configure:7526: result: yes
configure:7529: checking for -force_load linker flag
gcc -g -O2 -c -o conftest.o conftest.c
ar cru libconftest.a conftest.o
ranlib libconftest.a
gcc -g -O2  -o conftest conftest.c -Wl,-force_load,./libconftest.a
configure:7561: result: yes
=======
configure:6718: gcc -c -g -O2  conftest.c >&5
configure:6721: $? = 0
configure:6897: checking for mt
configure:6913: found /bin/mt
configure:6924: result: mt
configure:6947: checking if mt is a manifest tool
configure:6953: mt '-?'
configure:6961: result: no
>>>>>>> 26787ea5f901172d6662fe8532b1377194227e7b
configure:7599: checking for ANSI C header files
configure:7619: gcc -c -g -O2  conftest.c >&5
configure:7619: $? = 0
configure:7692: gcc -o conftest -g -O2   conftest.c  >&5
configure:7692: $? = 0
configure:7692: ./conftest
configure:7692: $? = 0
configure:7703: result: yes
configure:7716: checking for sys/types.h
configure:7716: gcc -c -g -O2  conftest.c >&5
configure:7716: $? = 0
configure:7716: result: yes
configure:7716: checking for sys/stat.h
configure:7716: gcc -c -g -O2  conftest.c >&5
configure:7716: $? = 0
configure:7716: result: yes
configure:7716: checking for stdlib.h
configure:7716: gcc -c -g -O2  conftest.c >&5
configure:7716: $? = 0
configure:7716: result: yes
configure:7716: checking for string.h
configure:7716: gcc -c -g -O2  conftest.c >&5
configure:7716: $? = 0
configure:7716: result: yes
configure:7716: checking for memory.h
configure:7716: gcc -c -g -O2  conftest.c >&5
configure:7716: $? = 0
configure:7716: result: yes
configure:7716: checking for strings.h
configure:7716: gcc -c -g -O2  conftest.c >&5
configure:7716: $? = 0
configure:7716: result: yes
configure:7716: checking for inttypes.h
configure:7716: gcc -c -g -O2  conftest.c >&5
configure:7716: $? = 0
configure:7716: result: yes
configure:7716: checking for stdint.h
configure:7716: gcc -c -g -O2  conftest.c >&5
configure:7716: $? = 0
configure:7716: result: yes
configure:7716: checking for unistd.h
configure:7716: gcc -c -g -O2  conftest.c >&5
configure:7716: $? = 0
configure:7716: result: yes
configure:7730: checking for dlfcn.h
configure:7730: gcc -c -g -O2  conftest.c >&5
configure:7730: $? = 0
configure:7730: result: yes
configure:8234: checking for objdir
configure:8249: result: .libs
configure:8520: checking if gcc supports -fno-rtti -fno-exceptions
configure:8538: gcc -c -g -O2  -fno-rtti -fno-exceptions conftest.c >&5
<<<<<<< HEAD
configure:8542: $? = 0
configure:8555: result: yes
configure:8882: checking for gcc option to produce PIC
configure:8889: result: -fno-common -DPIC
configure:8897: checking if gcc PIC flag -fno-common -DPIC works
configure:8915: gcc -c -g -O2  -fno-common -DPIC -DPIC conftest.c >&5
configure:8919: $? = 0
configure:8932: result: yes
configure:8961: checking if gcc static flag -static works
configure:8989: result: no
=======
cc1: warning: command line option "-fno-rtti" is valid for C++/ObjC++ but not for C
configure:8542: $? = 0
configure:8555: result: no
configure:8882: checking for gcc option to produce PIC
configure:8889: result: -fPIC -DPIC
configure:8897: checking if gcc PIC flag -fPIC -DPIC works
configure:8915: gcc -c -g -O2  -fPIC -DPIC -DPIC conftest.c >&5
configure:8919: $? = 0
configure:8932: result: yes
configure:8961: checking if gcc static flag -static works
configure:8989: result: yes
>>>>>>> 26787ea5f901172d6662fe8532b1377194227e7b
configure:9004: checking if gcc supports -c -o file.o
configure:9025: gcc -c -g -O2  -o out/conftest2.o conftest.c >&5
configure:9029: $? = 0
configure:9051: result: yes
configure:9059: checking if gcc supports -c -o file.o
configure:9106: result: yes
<<<<<<< HEAD
configure:9139: checking whether the gcc linker (/Applications/Xcode.app/Contents/Developer/Toolchains/XcodeDefault.xctoolchain/usr/bin/ld) supports shared libraries
configure:10292: result: yes
configure:10532: checking dynamic linker characteristics
configure:11265: result: darwin14.5.0 dyld
configure:11372: checking how to hardcode library paths into programs
configure:11397: result: immediate
configure:11937: checking whether stripping libraries is possible
configure:11951: result: yes
=======
configure:9139: checking whether the gcc linker (/usr/bin/ld -m elf_x86_64) supports shared libraries
configure:10292: result: yes
configure:10532: checking dynamic linker characteristics
configure:11043: gcc -o conftest -g -O2   -Wl,-rpath -Wl,/foo conftest.c  >&5
configure:11043: $? = 0
configure:11265: result: GNU/Linux ld.so
configure:11372: checking how to hardcode library paths into programs
configure:11397: result: immediate
configure:11937: checking whether stripping libraries is possible
configure:11942: result: yes
>>>>>>> 26787ea5f901172d6662fe8532b1377194227e7b
configure:11977: checking if libtool supports shared libraries
configure:11979: result: yes
configure:11982: checking whether to build shared libraries
configure:12003: result: no
configure:12006: checking whether to build static libraries
configure:12010: result: yes
configure:12051: checking that AWK works
configure:12057: result: ok
configure:12105: checking for ANSI C header files
configure:12209: result: yes
configure:12219: checking for an ANSI C-conforming const
configure:12285: gcc -c -g -O2  conftest.c >&5
configure:12285: $? = 0
configure:12292: result: yes
configure:12300: checking for size_t
configure:12300: gcc -c -g -O2  conftest.c >&5
configure:12300: $? = 0
configure:12300: gcc -c -g -O2  conftest.c >&5
<<<<<<< HEAD
conftest.c:60:21: error: expected expression
if (sizeof ((size_t)))
                    ^
1 error generated.
=======
conftest.c: In function 'main':
conftest.c:60:21: error: expected expression before ')' token
>>>>>>> 26787ea5f901172d6662fe8532b1377194227e7b
configure:12300: $? = 1
configure: failed program was:
| /* confdefs.h */
| #define PACKAGE_NAME "libpng"
| #define PACKAGE_TARNAME "libpng"
| #define PACKAGE_VERSION "1.6.16"
| #define PACKAGE_STRING "libpng 1.6.16"
| #define PACKAGE_BUGREPORT "png-mng-implement@lists.sourceforge.net"
| #define PACKAGE_URL ""
| #define PACKAGE "libpng"
| #define VERSION "1.6.16"
| #define STDC_HEADERS 1
| #define HAVE_SYS_TYPES_H 1
| #define HAVE_SYS_STAT_H 1
| #define HAVE_STDLIB_H 1
| #define HAVE_STRING_H 1
| #define HAVE_MEMORY_H 1
| #define HAVE_STRINGS_H 1
| #define HAVE_INTTYPES_H 1
| #define HAVE_STDINT_H 1
| #define HAVE_UNISTD_H 1
| #define HAVE_DLFCN_H 1
| #define LT_OBJDIR ".libs/"
| #define STDC_HEADERS 1
| /* end confdefs.h.  */
| #include <stdio.h>
| #ifdef HAVE_SYS_TYPES_H
| # include <sys/types.h>
| #endif
| #ifdef HAVE_SYS_STAT_H
| # include <sys/stat.h>
| #endif
| #ifdef STDC_HEADERS
| # include <stdlib.h>
| # include <stddef.h>
| #else
| # ifdef HAVE_STDLIB_H
| #  include <stdlib.h>
| # endif
| #endif
| #ifdef HAVE_STRING_H
| # if !defined STDC_HEADERS && defined HAVE_MEMORY_H
| #  include <memory.h>
| # endif
| # include <string.h>
| #endif
| #ifdef HAVE_STRINGS_H
| # include <strings.h>
| #endif
| #ifdef HAVE_INTTYPES_H
| # include <inttypes.h>
| #endif
| #ifdef HAVE_STDINT_H
| # include <stdint.h>
| #endif
| #ifdef HAVE_UNISTD_H
| # include <unistd.h>
| #endif
| int
| main ()
| {
| if (sizeof ((size_t)))
| 	    return 0;
|   ;
|   return 0;
| }
configure:12300: result: yes
configure:12311: checking whether struct tm is in sys/time.h or time.h
configure:12331: gcc -c -g -O2  conftest.c >&5
configure:12331: $? = 0
configure:12338: result: time.h
configure:12346: checking for C/C++ restrict keyword
configure:12371: gcc -c -g -O2  conftest.c >&5
configure:12371: $? = 0
configure:12379: result: __restrict
configure:12394: checking for working strtod
configure:12435: gcc -o conftest -g -O2   conftest.c  >&5
configure:12435: $? = 0
configure:12435: ./conftest
configure:12435: $? = 0
configure:12445: result: yes
configure:12509: checking for memset
configure:12509: gcc -o conftest -g -O2   conftest.c  >&5
<<<<<<< HEAD
conftest.c:48:6: warning: incompatible redeclaration of library function 'memset' [-Wincompatible-library-redeclaration]
char memset ();
     ^
conftest.c:48:6: note: 'memset' is a builtin with type 'void *(void *, int, unsigned long)'
1 warning generated.
=======
conftest.c:48:6: warning: conflicting types for built-in function 'memset'
>>>>>>> 26787ea5f901172d6662fe8532b1377194227e7b
configure:12509: $? = 0
configure:12509: result: yes
configure:12522: checking for pow
configure:12522: gcc -o conftest -g -O2   conftest.c  >&5
<<<<<<< HEAD
conftest.c:49:6: warning: incompatible redeclaration of library function 'pow' [-Wincompatible-library-redeclaration]
char pow ();
     ^
conftest.c:49:6: note: 'pow' is a builtin with type 'double (double, double)'
1 warning generated.
configure:12522: $? = 0
configure:12522: result: yes
configure:12587: checking for zlibVersion in -lz
configure:12612: gcc -o conftest -g -O2   conftest.c -lz   >&5
configure:12612: $? = 0
configure:12621: result: yes
configure:12686: checking for feenableexcept in -lm
configure:12711: gcc -o conftest -g -O2   conftest.c -lm  -lz  >&5
Undefined symbols for architecture x86_64:
  "_feenableexcept", referenced from:
      _main in conftest-93f3f2.o
ld: symbol(s) not found for architecture x86_64
clang: error: linker command failed with exit code 1 (use -v to see invocation)
configure:12711: $? = 1
configure: failed program was:
| /* confdefs.h */
| #define PACKAGE_NAME "libpng"
| #define PACKAGE_TARNAME "libpng"
| #define PACKAGE_VERSION "1.6.16"
| #define PACKAGE_STRING "libpng 1.6.16"
| #define PACKAGE_BUGREPORT "png-mng-implement@lists.sourceforge.net"
| #define PACKAGE_URL ""
| #define PACKAGE "libpng"
| #define VERSION "1.6.16"
| #define STDC_HEADERS 1
| #define HAVE_SYS_TYPES_H 1
| #define HAVE_SYS_STAT_H 1
| #define HAVE_STDLIB_H 1
| #define HAVE_STRING_H 1
| #define HAVE_MEMORY_H 1
| #define HAVE_STRINGS_H 1
| #define HAVE_INTTYPES_H 1
| #define HAVE_STDINT_H 1
| #define HAVE_UNISTD_H 1
| #define HAVE_DLFCN_H 1
| #define LT_OBJDIR ".libs/"
| #define STDC_HEADERS 1
| #define restrict __restrict
| #define HAVE_MEMSET 1
| #define HAVE_POW 1
| #define HAVE_LIBZ 1
| /* end confdefs.h.  */
| 
| /* Override any GCC internal prototype to avoid an error.
|    Use char because int might match the return type of a GCC
|    builtin and then its argument prototype would still apply.  */
| #ifdef __cplusplus
| extern "C"
| #endif
| char feenableexcept ();
| int
| main ()
| {
| return feenableexcept ();
|   ;
|   return 0;
| }
configure:12720: result: no
configure:12733: checking for feenableexcept
configure:12733: gcc -o conftest -g -O2   conftest.c -lz  >&5
Undefined symbols for architecture x86_64:
  "_feenableexcept", referenced from:
      _main in conftest-d9893d.o
ld: symbol(s) not found for architecture x86_64
clang: error: linker command failed with exit code 1 (use -v to see invocation)
configure:12733: $? = 1
=======
conftest.c:49:6: warning: conflicting types for built-in function 'pow'
/tmp/ccmgYlE2.o: In function `main':
/home/linx0544/cs3081/iteration2/png/conftest.c:60: undefined reference to `pow'
collect2: ld returned 1 exit status
configure:12522: $? = 1
>>>>>>> 26787ea5f901172d6662fe8532b1377194227e7b
configure: failed program was:
| /* confdefs.h */
| #define PACKAGE_NAME "libpng"
| #define PACKAGE_TARNAME "libpng"
| #define PACKAGE_VERSION "1.6.16"
| #define PACKAGE_STRING "libpng 1.6.16"
| #define PACKAGE_BUGREPORT "png-mng-implement@lists.sourceforge.net"
| #define PACKAGE_URL ""
| #define PACKAGE "libpng"
| #define VERSION "1.6.16"
| #define STDC_HEADERS 1
| #define HAVE_SYS_TYPES_H 1
| #define HAVE_SYS_STAT_H 1
| #define HAVE_STDLIB_H 1
| #define HAVE_STRING_H 1
| #define HAVE_MEMORY_H 1
| #define HAVE_STRINGS_H 1
| #define HAVE_INTTYPES_H 1
| #define HAVE_STDINT_H 1
| #define HAVE_UNISTD_H 1
| #define HAVE_DLFCN_H 1
| #define LT_OBJDIR ".libs/"
| #define STDC_HEADERS 1
| #define restrict __restrict
| #define HAVE_MEMSET 1
<<<<<<< HEAD
| #define HAVE_POW 1
| #define HAVE_LIBZ 1
| /* end confdefs.h.  */
| /* Define feenableexcept to an innocuous variant, in case <limits.h> declares feenableexcept.
|    For example, HP-UX 11i <limits.h> declares gettimeofday.  */
| #define feenableexcept innocuous_feenableexcept
| 
| /* System header to define __stub macros and hopefully few prototypes,
|     which can conflict with char feenableexcept (); below.
=======
| /* end confdefs.h.  */
| /* Define pow to an innocuous variant, in case <limits.h> declares pow.
|    For example, HP-UX 11i <limits.h> declares gettimeofday.  */
| #define pow innocuous_pow
| 
| /* System header to define __stub macros and hopefully few prototypes,
|     which can conflict with char pow (); below.
>>>>>>> 26787ea5f901172d6662fe8532b1377194227e7b
|     Prefer <limits.h> to <assert.h> if __STDC__ is defined, since
|     <limits.h> exists even on freestanding compilers.  */
| 
| #ifdef __STDC__
| # include <limits.h>
| #else
| # include <assert.h>
| #endif
| 
<<<<<<< HEAD
| #undef feenableexcept
=======
| #undef pow
>>>>>>> 26787ea5f901172d6662fe8532b1377194227e7b
| 
| /* Override any GCC internal prototype to avoid an error.
|    Use char because int might match the return type of a GCC
|    builtin and then its argument prototype would still apply.  */
| #ifdef __cplusplus
| extern "C"
| #endif
<<<<<<< HEAD
| char feenableexcept ();
| /* The GNU C library defines this for functions which it implements
|     to always fail with ENOSYS.  Some functions are actually named
|     something starting with __ and the normal name is an alias.  */
| #if defined __stub_feenableexcept || defined __stub___feenableexcept
=======
| char pow ();
| /* The GNU C library defines this for functions which it implements
|     to always fail with ENOSYS.  Some functions are actually named
|     something starting with __ and the normal name is an alias.  */
| #if defined __stub_pow || defined __stub___pow
>>>>>>> 26787ea5f901172d6662fe8532b1377194227e7b
| choke me
| #endif
| 
| int
| main ()
| {
<<<<<<< HEAD
| return feenableexcept ();
|   ;
|   return 0;
| }
configure:12733: result: no
configure:12743: checking if using Solaris linker
configure:12752: result: no
configure:12764: checking if libraries can be versioned
configure:12789: result: no
configure:12791: WARNING: *** You have not enabled versioned symbols.
=======
| return pow ();
|   ;
|   return 0;
| }
configure:12522: result: no
configure:12529: checking for pow in -lm
configure:12554: gcc -o conftest -g -O2   conftest.c -lm   >&5
conftest.c:33:6: warning: conflicting types for built-in function 'pow'
configure:12554: $? = 0
configure:12563: result: yes
configure:12587: checking for zlibVersion in -lz
configure:12612: gcc -o conftest -g -O2   conftest.c -lz  -lm  >&5
configure:12612: $? = 0
configure:12621: result: yes
configure:12686: checking for feenableexcept in -lm
configure:12711: gcc -o conftest -g -O2   conftest.c -lm  -lz -lm  >&5
configure:12711: $? = 0
configure:12720: result: yes
configure:12733: checking for feenableexcept
configure:12733: gcc -o conftest -g -O2   conftest.c -lm -lz -lm  >&5
configure:12733: $? = 0
configure:12733: result: yes
configure:12743: checking if using Solaris linker
configure:12752: result: no
configure:12764: checking if libraries can be versioned
configure:12785: result: yes
configure:12807: checking for symbol prefix
configure:12814: result: 
>>>>>>> 26787ea5f901172d6662fe8532b1377194227e7b
configure:12836: pkgconfig directory is ${libdir}/pkgconfig
configure:12983: Extra options for compiler: 
configure:13101: checking that generated files are newer than configure
configure:13107: result: done
configure:13166: creating ./config.status

<<<<<<< HEAD
## ---------------------- ##
## Running config.status. ##
## ---------------------- ##

This file was extended by libpng config.status 1.6.16, which was
generated by GNU Autoconf 2.69.  Invocation command line was

  CONFIG_FILES    = 
  CONFIG_HEADERS  = 
  CONFIG_LINKS    = 
  CONFIG_COMMANDS = 
  $ ./config.status 

on x-10-105-4-119.uofm-secure.wireless.umn.edu

config.status:1119: creating Makefile
config.status:1119: creating libpng.pc
config.status:1119: creating libpng-config
config.status:1119: creating config.h
config.status:1348: executing depfiles commands
config.status:1348: executing libtool commands

=======
>>>>>>> 26787ea5f901172d6662fe8532b1377194227e7b
## ---------------- ##
## Cache variables. ##
## ---------------- ##

<<<<<<< HEAD
ac_cv_build=x86_64-apple-darwin14.5.0
=======
ac_cv_build=x86_64-unknown-linux-gnu
>>>>>>> 26787ea5f901172d6662fe8532b1377194227e7b
ac_cv_c_compiler_gnu=yes
ac_cv_c_const=yes
ac_cv_c_restrict=__restrict
ac_cv_env_CCASFLAGS_set=
ac_cv_env_CCASFLAGS_value=
ac_cv_env_CCAS_set=
ac_cv_env_CCAS_value=
ac_cv_env_CC_set=
ac_cv_env_CC_value=
ac_cv_env_CFLAGS_set=
ac_cv_env_CFLAGS_value=
ac_cv_env_CPPFLAGS_set=
ac_cv_env_CPPFLAGS_value=
ac_cv_env_CPP_set=
ac_cv_env_CPP_value=
ac_cv_env_LDFLAGS_set=
ac_cv_env_LDFLAGS_value=
ac_cv_env_LIBS_set=
ac_cv_env_LIBS_value=
ac_cv_env_PNG_COPTS_set=
ac_cv_env_PNG_COPTS_value=
ac_cv_env_build_alias_set=
ac_cv_env_build_alias_value=
ac_cv_env_host_alias_set=
ac_cv_env_host_alias_value=
ac_cv_env_target_alias_set=
ac_cv_env_target_alias_value=
<<<<<<< HEAD
ac_cv_func_feenableexcept=no
ac_cv_func_memset=yes
ac_cv_func_pow=yes
=======
ac_cv_func_feenableexcept=yes
ac_cv_func_memset=yes
ac_cv_func_pow=no
>>>>>>> 26787ea5f901172d6662fe8532b1377194227e7b
ac_cv_func_strtod=yes
ac_cv_header_dlfcn_h=yes
ac_cv_header_inttypes_h=yes
ac_cv_header_memory_h=yes
ac_cv_header_stdc=yes
ac_cv_header_stdint_h=yes
ac_cv_header_stdlib_h=yes
ac_cv_header_string_h=yes
ac_cv_header_strings_h=yes
ac_cv_header_sys_stat_h=yes
ac_cv_header_sys_types_h=yes
ac_cv_header_unistd_h=yes
<<<<<<< HEAD
ac_cv_host=x86_64-apple-darwin14.5.0
ac_cv_lib_m_feenableexcept=no
ac_cv_lib_z_zlibVersion=yes
ac_cv_objext=o
ac_cv_path_EGREP='/usr/bin/grep -E'
ac_cv_path_FGREP='/usr/bin/grep -F'
ac_cv_path_GREP=/usr/bin/grep
ac_cv_path_SED=/usr/bin/sed
ac_cv_path_install='/usr/bin/install -c'
ac_cv_prog_AWK=awk
ac_cv_prog_CPP='gcc -E'
ac_cv_prog_ac_ct_AR=ar
ac_cv_prog_ac_ct_CC=gcc
ac_cv_prog_ac_ct_DSYMUTIL=dsymutil
ac_cv_prog_ac_ct_LIPO=lipo
ac_cv_prog_ac_ct_NMEDIT=nmedit
ac_cv_prog_ac_ct_OTOOL=otool
=======
ac_cv_host=x86_64-unknown-linux-gnu
ac_cv_lib_m_feenableexcept=yes
ac_cv_lib_m_pow=yes
ac_cv_lib_z_zlibVersion=yes
ac_cv_objext=o
ac_cv_path_EGREP='/bin/grep -E'
ac_cv_path_FGREP='/bin/grep -F'
ac_cv_path_GREP=/bin/grep
ac_cv_path_SED=/bin/sed
ac_cv_path_install='/usr/bin/install -c'
ac_cv_path_mkdir=/bin/mkdir
ac_cv_prog_AWK=gawk
ac_cv_prog_CPP='gcc -E'
ac_cv_prog_ac_ct_AR=ar
ac_cv_prog_ac_ct_CC=gcc
ac_cv_prog_ac_ct_MANIFEST_TOOL=mt
ac_cv_prog_ac_ct_OBJDUMP=objdump
>>>>>>> 26787ea5f901172d6662fe8532b1377194227e7b
ac_cv_prog_ac_ct_RANLIB=ranlib
ac_cv_prog_ac_ct_STRIP=strip
ac_cv_prog_cc_c89=
ac_cv_prog_cc_g=yes
ac_cv_prog_make_make_set=yes
ac_cv_struct_tm=time.h
ac_cv_type_size_t=yes
am_cv_CCAS_dependencies_compiler_type=gcc3
am_cv_CC_dependencies_compiler_type=gcc3
am_cv_make_support_nested_variables=yes
am_cv_prog_cc_c_o=yes
<<<<<<< HEAD
lt_cv_apple_cc_single_mod=yes
lt_cv_ar_at_file=no
lt_cv_deplibs_check_method=pass_all
lt_cv_file_magic_cmd='$MAGIC_CMD'
lt_cv_file_magic_test_file=
lt_cv_ld_exported_symbols_list=yes
lt_cv_ld_force_load=yes
lt_cv_ld_reload_flag=-r
lt_cv_nm_interface='BSD nm'
lt_cv_objdir=.libs
lt_cv_path_LD=/Applications/Xcode.app/Contents/Developer/Toolchains/XcodeDefault.xctoolchain/usr/bin/ld
lt_cv_path_NM=/usr/bin/nm
lt_cv_path_mainfest_tool=no
lt_cv_prog_compiler_c_o=yes
lt_cv_prog_compiler_pic='-fno-common -DPIC'
lt_cv_prog_compiler_pic_works=yes
lt_cv_prog_compiler_rtti_exceptions=yes
lt_cv_prog_compiler_static_works=no
lt_cv_prog_gnu_ld=no
lt_cv_sharedlib_from_linklib_cmd='printf %s\n'
lt_cv_sys_global_symbol_pipe='sed -n -e '\''s/^.*[	 ]\([BCDEGRST][BCDEGRST]*\)[	 ][	 ]*_\([_A-Za-z][_A-Za-z0-9]*\)$/\1 _\2 \2/p'\'' | sed '\''/ __gnu_lto/d'\'''
lt_cv_sys_global_symbol_to_c_name_address='sed -n -e '\''s/^: \([^ ]*\)[ ]*$/  {\"\1\", (void *) 0},/p'\'' -e '\''s/^[BCDEGRST]* \([^ ]*\) \([^ ]*\)$/  {"\2", (void *) \&\2},/p'\'''
lt_cv_sys_global_symbol_to_c_name_address_lib_prefix='sed -n -e '\''s/^: \([^ ]*\)[ ]*$/  {\"\1\", (void *) 0},/p'\'' -e '\''s/^[BCDEGRST]* \([^ ]*\) \(lib[^ ]*\)$/  {"\2", (void *) \&\2},/p'\'' -e '\''s/^[BCDEGRST]* \([^ ]*\) \([^ ]*\)$/  {"lib\2", (void *) \&\2},/p'\'''
lt_cv_sys_global_symbol_to_cdecl='sed -n -e '\''s/^T .* \(.*\)$/extern int \1();/p'\'' -e '\''s/^[BCDEGRST]* .* \(.*\)$/extern char \1;/p'\'''
lt_cv_sys_max_cmd_len=196608
=======
lt_cv_ar_at_file=@
lt_cv_deplibs_check_method=pass_all
lt_cv_file_magic_cmd='$MAGIC_CMD'
lt_cv_file_magic_test_file=
lt_cv_ld_reload_flag=-r
lt_cv_nm_interface='BSD nm'
lt_cv_objdir=.libs
lt_cv_path_LD=/usr/bin/ld
lt_cv_path_NM='/usr/bin/nm -B'
lt_cv_path_mainfest_tool=no
lt_cv_prog_compiler_c_o=yes
lt_cv_prog_compiler_pic='-fPIC -DPIC'
lt_cv_prog_compiler_pic_works=yes
lt_cv_prog_compiler_rtti_exceptions=no
lt_cv_prog_compiler_static_works=yes
lt_cv_prog_gnu_ld=yes
lt_cv_sharedlib_from_linklib_cmd='printf %s\n'
lt_cv_shlibpath_overrides_runpath=no
lt_cv_sys_global_symbol_pipe='sed -n -e '\''s/^.*[	 ]\([ABCDGIRSTW][ABCDGIRSTW]*\)[	 ][	 ]*\([_A-Za-z][_A-Za-z0-9]*\)$/\1 \2 \2/p'\'' | sed '\''/ __gnu_lto/d'\'''
lt_cv_sys_global_symbol_to_c_name_address='sed -n -e '\''s/^: \([^ ]*\)[ ]*$/  {\"\1\", (void *) 0},/p'\'' -e '\''s/^[ABCDGIRSTW]* \([^ ]*\) \([^ ]*\)$/  {"\2", (void *) \&\2},/p'\'''
lt_cv_sys_global_symbol_to_c_name_address_lib_prefix='sed -n -e '\''s/^: \([^ ]*\)[ ]*$/  {\"\1\", (void *) 0},/p'\'' -e '\''s/^[ABCDGIRSTW]* \([^ ]*\) \(lib[^ ]*\)$/  {"\2", (void *) \&\2},/p'\'' -e '\''s/^[ABCDGIRSTW]* \([^ ]*\) \([^ ]*\)$/  {"lib\2", (void *) \&\2},/p'\'''
lt_cv_sys_global_symbol_to_cdecl='sed -n -e '\''s/^T .* \(.*\)$/extern int \1();/p'\'' -e '\''s/^[ABCDGIRSTW]* .* \(.*\)$/extern char \1;/p'\'''
lt_cv_sys_max_cmd_len=3458764513820540925
>>>>>>> 26787ea5f901172d6662fe8532b1377194227e7b
lt_cv_to_host_file_cmd=func_convert_file_noop
lt_cv_to_tool_file_cmd=func_convert_file_noop

## ----------------- ##
## Output variables. ##
## ----------------- ##

<<<<<<< HEAD
ACLOCAL='${SHELL} /Users/johnson/cs3081/iteration2/png/missing aclocal-1.14'
=======
ACLOCAL='${SHELL} /home/linx0544/cs3081/iteration2/png/missing aclocal-1.14'
>>>>>>> 26787ea5f901172d6662fe8532b1377194227e7b
AMDEPBACKSLASH='\'
AMDEP_FALSE='#'
AMDEP_TRUE=''
AMTAR='$${TAR-tar}'
AM_BACKSLASH='\'
AM_DEFAULT_V='$(AM_DEFAULT_VERBOSITY)'
AM_DEFAULT_VERBOSITY='1'
AM_V='$(V)'
AR='ar'
AS='as'
<<<<<<< HEAD
AUTOCONF='${SHELL} /Users/johnson/cs3081/iteration2/png/missing autoconf'
AUTOHEADER='${SHELL} /Users/johnson/cs3081/iteration2/png/missing autoheader'
AUTOMAKE='${SHELL} /Users/johnson/cs3081/iteration2/png/missing automake-1.14'
AWK='awk'
=======
AUTOCONF='${SHELL} /home/linx0544/cs3081/iteration2/png/missing autoconf'
AUTOHEADER='${SHELL} /home/linx0544/cs3081/iteration2/png/missing autoheader'
AUTOMAKE='${SHELL} /home/linx0544/cs3081/iteration2/png/missing automake-1.14'
AWK='gawk'
>>>>>>> 26787ea5f901172d6662fe8532b1377194227e7b
CC='gcc'
CCAS='gcc'
CCASDEPMODE='depmode=gcc3'
CCASFLAGS='-g -O2'
CCDEPMODE='depmode=gcc3'
CFLAGS='-g -O2'
CPP='gcc -E'
CPPFLAGS=''
CYGPATH_W='echo'
DEFS='-DHAVE_CONFIG_H'
DEPDIR='.deps'
DFNCPP='gcc -E'
DLLTOOL='false'
DO_INSTALL_LIBPNG_CONFIG_FALSE='#'
DO_INSTALL_LIBPNG_CONFIG_TRUE=''
DO_INSTALL_LIBPNG_PC_FALSE='#'
DO_INSTALL_LIBPNG_PC_TRUE=''
DO_INSTALL_LINKS_FALSE='#'
DO_INSTALL_LINKS_TRUE=''
DO_PNG_PREFIX_FALSE=''
DO_PNG_PREFIX_TRUE='#'
<<<<<<< HEAD
DSYMUTIL='dsymutil'
DUMPBIN=''
ECHO_C='\c'
ECHO_N=''
ECHO_T=''
EGREP='/usr/bin/grep -E'
EXEEXT=''
FGREP='/usr/bin/grep -F'
GREP='/usr/bin/grep'
HAVE_LD_VERSION_SCRIPT_FALSE=''
HAVE_LD_VERSION_SCRIPT_TRUE='#'
=======
DSYMUTIL=''
DUMPBIN=''
ECHO_C=''
ECHO_N='-n'
ECHO_T=''
EGREP='/bin/grep -E'
EXEEXT=''
FGREP='/bin/grep -F'
GREP='/bin/grep'
HAVE_LD_VERSION_SCRIPT_FALSE='#'
HAVE_LD_VERSION_SCRIPT_TRUE=''
>>>>>>> 26787ea5f901172d6662fe8532b1377194227e7b
HAVE_SOLARIS_LD_FALSE=''
HAVE_SOLARIS_LD_TRUE='#'
INSTALL_DATA='${INSTALL} -m 644'
INSTALL_PROGRAM='${INSTALL}'
INSTALL_SCRIPT='${INSTALL}'
INSTALL_STRIP_PROGRAM='$(install_sh) -c -s'
<<<<<<< HEAD
LD='/Applications/Xcode.app/Contents/Developer/Toolchains/XcodeDefault.xctoolchain/usr/bin/ld'
LDFLAGS=''
LIBOBJS=''
LIBS='-lz '
LIBTOOL='$(SHELL) $(top_builddir)/libtool'
LIPO='lipo'
=======
LD='/usr/bin/ld -m elf_x86_64'
LDFLAGS=''
LIBOBJS=''
LIBS='-lm -lz -lm '
LIBTOOL='$(SHELL) $(top_builddir)/libtool'
LIPO=''
>>>>>>> 26787ea5f901172d6662fe8532b1377194227e7b
LN_S='ln -s'
LTLIBOBJS=''
MAINT='#'
MAINTAINER_MODE_FALSE=''
MAINTAINER_MODE_TRUE='#'
<<<<<<< HEAD
MAKEINFO='${SHELL} /Users/johnson/cs3081/iteration2/png/missing makeinfo'
MANIFEST_TOOL=':'
MKDIR_P='./install-sh -c -d'
NM='/usr/bin/nm'
NMEDIT='nmedit'
OBJDUMP='false'
OBJEXT='o'
OTOOL64=':'
OTOOL='otool'
=======
MAKEINFO='${SHELL} /home/linx0544/cs3081/iteration2/png/missing makeinfo'
MANIFEST_TOOL=':'
MKDIR_P='/bin/mkdir -p'
NM='/usr/bin/nm -B'
NMEDIT=''
OBJDUMP='objdump'
OBJEXT='o'
OTOOL64=''
OTOOL=''
>>>>>>> 26787ea5f901172d6662fe8532b1377194227e7b
PACKAGE='libpng'
PACKAGE_BUGREPORT='png-mng-implement@lists.sourceforge.net'
PACKAGE_NAME='libpng'
PACKAGE_STRING='libpng 1.6.16'
PACKAGE_TARNAME='libpng'
PACKAGE_URL=''
PACKAGE_VERSION='1.6.16'
PATH_SEPARATOR=':'
PNGLIB_MAJOR='1'
PNGLIB_MINOR='6'
PNGLIB_RELEASE='16'
PNGLIB_VERSION='1.6.16'
PNG_ARM_NEON_FALSE=''
PNG_ARM_NEON_TRUE='#'
PNG_COPTS=''
PNG_PREFIX=''
POW_LIB=''
RANLIB='ranlib'
<<<<<<< HEAD
SED='/usr/bin/sed'
=======
SED='/bin/sed'
>>>>>>> 26787ea5f901172d6662fe8532b1377194227e7b
SET_MAKE=''
SHELL='/bin/sh'
STRIP='strip'
SYMBOL_PREFIX=''
VERSION='1.6.16'
ac_ct_AR='ar'
ac_ct_CC='gcc'
ac_ct_DUMPBIN=''
am__EXEEXT_FALSE=''
am__EXEEXT_TRUE='#'
am__fastdepCCAS_FALSE='#'
am__fastdepCCAS_TRUE=''
am__fastdepCC_FALSE='#'
am__fastdepCC_TRUE=''
am__include='include'
am__isrc=''
am__leading_dot='.'
am__nodep='_no'
am__quote=''
am__tar='$${TAR-tar} chof - "$$tardir"'
am__untar='$${TAR-tar} xf -'
binconfigs='${binconfigs}'
bindir='${exec_prefix}/bin'
<<<<<<< HEAD
build='x86_64-apple-darwin14.5.0'
build_alias=''
build_cpu='x86_64'
build_os='darwin14.5.0'
build_vendor='apple'
=======
build='x86_64-unknown-linux-gnu'
build_alias=''
build_cpu='x86_64'
build_os='linux-gnu'
build_vendor='unknown'
>>>>>>> 26787ea5f901172d6662fe8532b1377194227e7b
datadir='${datarootdir}'
datarootdir='${prefix}/share'
docdir='${datarootdir}/doc/${PACKAGE_TARNAME}'
dvidir='${docdir}'
exec_prefix='${prefix}'
<<<<<<< HEAD
host='x86_64-apple-darwin14.5.0'
host_alias=''
host_cpu='x86_64'
host_os='darwin14.5.0'
host_vendor='apple'
htmldir='${docdir}'
includedir='${prefix}/include'
infodir='${datarootdir}/info'
install_sh='${SHELL} /Users/johnson/cs3081/iteration2/png/install-sh'
=======
host='x86_64-unknown-linux-gnu'
host_alias=''
host_cpu='x86_64'
host_os='linux-gnu'
host_vendor='unknown'
htmldir='${docdir}'
includedir='${prefix}/include'
infodir='${datarootdir}/info'
install_sh='${SHELL} /home/linx0544/cs3081/iteration2/png/install-sh'
>>>>>>> 26787ea5f901172d6662fe8532b1377194227e7b
libdir='${exec_prefix}/lib'
libexecdir='${exec_prefix}/libexec'
localedir='${datarootdir}/locale'
localstatedir='${prefix}/var'
mandir='${datarootdir}/man'
mkdir_p='$(MKDIR_P)'
oldincludedir='/usr/include'
pdfdir='${docdir}'
pkgconfigdir='${libdir}/pkgconfig'
<<<<<<< HEAD
prefix='/home/johnson/cs3081/iteration2/png'
=======
prefix='/home/linx0544/cs3081/iteration2/png'
>>>>>>> 26787ea5f901172d6662fe8532b1377194227e7b
program_transform_name='s,x,x,'
psdir='${docdir}'
sbindir='${exec_prefix}/sbin'
sharedstatedir='${prefix}/com'
sysconfdir='${prefix}/etc'
target_alias=''

## ----------- ##
## confdefs.h. ##
## ----------- ##

/* confdefs.h */
#define PACKAGE_NAME "libpng"
#define PACKAGE_TARNAME "libpng"
#define PACKAGE_VERSION "1.6.16"
#define PACKAGE_STRING "libpng 1.6.16"
#define PACKAGE_BUGREPORT "png-mng-implement@lists.sourceforge.net"
#define PACKAGE_URL ""
#define PACKAGE "libpng"
#define VERSION "1.6.16"
#define STDC_HEADERS 1
#define HAVE_SYS_TYPES_H 1
#define HAVE_SYS_STAT_H 1
#define HAVE_STDLIB_H 1
#define HAVE_STRING_H 1
#define HAVE_MEMORY_H 1
#define HAVE_STRINGS_H 1
#define HAVE_INTTYPES_H 1
#define HAVE_STDINT_H 1
#define HAVE_UNISTD_H 1
#define HAVE_DLFCN_H 1
#define LT_OBJDIR ".libs/"
#define STDC_HEADERS 1
#define restrict __restrict
#define HAVE_MEMSET 1
<<<<<<< HEAD
#define HAVE_POW 1
#define HAVE_LIBZ 1

configure: exit 0
=======
#define HAVE_LIBM 1
#define HAVE_LIBZ 1
#define HAVE_LIBM 1
#define HAVE_FEENABLEEXCEPT 1

configure: exit 0

## ---------------------- ##
## Running config.status. ##
## ---------------------- ##

This file was extended by libpng config.status 1.6.16, which was
generated by GNU Autoconf 2.69.  Invocation command line was

  CONFIG_FILES    = 
  CONFIG_HEADERS  = 
  CONFIG_LINKS    = 
  CONFIG_COMMANDS = 
  $ ./config.status 

on csel-kh4250-26

config.status:1124: creating Makefile
config.status:1124: creating libpng.pc
config.status:1124: creating libpng-config
config.status:1124: creating config.h
config.status:1305: config.h is unchanged
config.status:1353: executing depfiles commands
config.status:1353: executing libtool commands
>>>>>>> 26787ea5f901172d6662fe8532b1377194227e7b
